2018-06-12 18:27:03  [ main:0 ] - [ DEBUG ]  Logging initialized using 'class org.apache.ibatis.logging.log4j.Log4jImpl' adapter.
2018-06-12 18:27:03  [ main:164 ] - [ DEBUG ]  Using VFS adapter org.mybatis.spring.boot.autoconfigure.SpringBootVFS
2018-06-12 18:27:03  [ main:166 ] - [ DEBUG ]  Checking to see if class cn.liangjiateng.pojo.DO.AbstractDO matches criteria [is assignable to Object]
2018-06-12 18:27:03  [ main:167 ] - [ DEBUG ]  Checking to see if class cn.liangjiateng.pojo.DO.Article$SortType matches criteria [is assignable to Object]
2018-06-12 18:27:03  [ main:167 ] - [ DEBUG ]  Checking to see if class cn.liangjiateng.pojo.DO.Article$Status matches criteria [is assignable to Object]
2018-06-12 18:27:03  [ main:168 ] - [ DEBUG ]  Checking to see if class cn.liangjiateng.pojo.DO.Article matches criteria [is assignable to Object]
2018-06-12 18:27:03  [ main:168 ] - [ DEBUG ]  Checking to see if class cn.liangjiateng.pojo.DO.Category matches criteria [is assignable to Object]
2018-06-12 18:27:03  [ main:169 ] - [ DEBUG ]  Checking to see if class cn.liangjiateng.pojo.DO.Image matches criteria [is assignable to Object]
2018-06-12 18:27:03  [ main:169 ] - [ DEBUG ]  Checking to see if class cn.liangjiateng.pojo.VO.ArticleVO matches criteria [is assignable to Object]
2018-06-12 18:27:03  [ main:170 ] - [ DEBUG ]  Checking to see if class cn.liangjiateng.pojo.VO.CategoryVO matches criteria [is assignable to Object]
2018-06-12 18:27:03  [ main:170 ] - [ DEBUG ]  Checking to see if class cn.liangjiateng.pojo.VO.ImageVO matches criteria [is assignable to Object]
2018-06-12 18:27:03  [ main:171 ] - [ DEBUG ]  Scanned package: 'cn.liangjiateng.pojo' for aliases
2018-06-12 18:27:03  [ main:225 ] - [ DEBUG ]  Parsed mapper file: 'file [/Users/liangjiateng/repos/blog/target/classes/mapper/articleMapper.xml]'
2018-06-12 18:27:23  [ http-nio-9000-exec-2:19889 ] - [ DEBUG ]  Creating a new SqlSession
2018-06-12 18:27:23  [ http-nio-9000-exec-2:19892 ] - [ DEBUG ]  SqlSession [org.apache.ibatis.session.defaults.DefaultSqlSession@2f000aed] was not registered for synchronization because synchronization is not active
2018-06-12 18:27:23  [ http-nio-9000-exec-2:20054 ] - [ INFO ]  {dataSource-1} inited
2018-06-12 18:27:23  [ http-nio-9000-exec-2:20056 ] - [ DEBUG ]  JDBC Connection [com.mysql.jdbc.JDBC4Connection@7d8f394] will not be managed by Spring
2018-06-12 18:27:23  [ http-nio-9000-exec-2:20061 ] - [ DEBUG ]  ==>  Preparing: select count(*) from article where status = ? 
2018-06-12 18:27:23  [ http-nio-9000-exec-2:20077 ] - [ DEBUG ]  ==> Parameters: 1(Integer)
2018-06-12 18:27:23  [ http-nio-9000-exec-2:20089 ] - [ DEBUG ]  <==      Total: 1
2018-06-12 18:27:23  [ http-nio-9000-exec-2:20091 ] - [ DEBUG ]  stmt enter cache
2018-06-12 18:27:23  [ http-nio-9000-exec-2:20092 ] - [ DEBUG ]  Closing non transactional SqlSession [org.apache.ibatis.session.defaults.DefaultSqlSession@2f000aed]
2018-06-12 18:27:23  [ http-nio-9000-exec-2:20094 ] - [ DEBUG ]  Creating a new SqlSession
2018-06-12 18:27:23  [ http-nio-9000-exec-2:20095 ] - [ DEBUG ]  SqlSession [org.apache.ibatis.session.defaults.DefaultSqlSession@56ac0294] was not registered for synchronization because synchronization is not active
2018-06-12 18:27:23  [ http-nio-9000-exec-2:20117 ] - [ DEBUG ]  JDBC Connection [com.mysql.jdbc.JDBC4Connection@7d8f394] will not be managed by Spring
2018-06-12 18:27:23  [ http-nio-9000-exec-2:20117 ] - [ DEBUG ]  ==>  Preparing: select * from article where status = ? order by create_time desc limit ?, ? 
2018-06-12 18:27:23  [ http-nio-9000-exec-2:20119 ] - [ DEBUG ]  ==> Parameters: 1(Integer), 0(Integer), 5(Integer)
2018-06-12 18:27:23  [ http-nio-9000-exec-2:20120 ] - [ DEBUG ]  <==      Total: 0
2018-06-12 18:27:23  [ http-nio-9000-exec-2:20121 ] - [ DEBUG ]  stmt enter cache
2018-06-12 18:27:23  [ http-nio-9000-exec-2:20121 ] - [ DEBUG ]  Closing non transactional SqlSession [org.apache.ibatis.session.defaults.DefaultSqlSession@56ac0294]
2018-06-12 18:27:23  [ http-nio-9000-exec-3:20199 ] - [ DEBUG ]  Creating a new SqlSession
2018-06-12 18:27:23  [ http-nio-9000-exec-3:20200 ] - [ DEBUG ]  SqlSession [org.apache.ibatis.session.defaults.DefaultSqlSession@7662f26f] was not registered for synchronization because synchronization is not active
2018-06-12 18:27:23  [ http-nio-9000-exec-3:20200 ] - [ DEBUG ]  JDBC Connection [com.mysql.jdbc.JDBC4Connection@7d8f394] will not be managed by Spring
2018-06-12 18:27:23  [ http-nio-9000-exec-3:20201 ] - [ DEBUG ]  ==>  Preparing: select * from article where status = ? order by pv desc limit ?, ? 
2018-06-12 18:27:23  [ http-nio-9000-exec-3:20201 ] - [ DEBUG ]  ==> Parameters: 1(Integer), 0(Integer), 10(Integer)
2018-06-12 18:27:23  [ http-nio-9000-exec-3:20203 ] - [ DEBUG ]  <==      Total: 0
2018-06-12 18:27:23  [ http-nio-9000-exec-3:20203 ] - [ DEBUG ]  stmt enter cache
2018-06-12 18:27:23  [ http-nio-9000-exec-3:20204 ] - [ DEBUG ]  Closing non transactional SqlSession [org.apache.ibatis.session.defaults.DefaultSqlSession@7662f26f]
2018-06-12 18:27:23  [ http-nio-9000-exec-4:20212 ] - [ DEBUG ]  Creating a new SqlSession
2018-06-12 18:27:23  [ http-nio-9000-exec-4:20212 ] - [ DEBUG ]  SqlSession [org.apache.ibatis.session.defaults.DefaultSqlSession@63a0e3c5] was not registered for synchronization because synchronization is not active
2018-06-12 18:27:23  [ http-nio-9000-exec-4:20212 ] - [ DEBUG ]  JDBC Connection [com.mysql.jdbc.JDBC4Connection@7d8f394] will not be managed by Spring
2018-06-12 18:27:23  [ http-nio-9000-exec-4:20212 ] - [ DEBUG ]  ==>  Preparing: select * from category where deleted = 0 order by create_time desc 
2018-06-12 18:27:23  [ http-nio-9000-exec-4:20213 ] - [ DEBUG ]  ==> Parameters: 
2018-06-12 18:27:23  [ http-nio-9000-exec-4:20214 ] - [ DEBUG ]  <==      Total: 0
2018-06-12 18:27:23  [ http-nio-9000-exec-4:20214 ] - [ DEBUG ]  stmt enter cache
2018-06-12 18:27:23  [ http-nio-9000-exec-4:20214 ] - [ DEBUG ]  Closing non transactional SqlSession [org.apache.ibatis.session.defaults.DefaultSqlSession@63a0e3c5]
2018-06-12 18:29:39  [ Thread-2:155669 ] - [ DEBUG ]  stmt exit cache
2018-06-12 18:29:39  [ Thread-2:155674 ] - [ DEBUG ]  stmt exit cache
2018-06-12 18:29:39  [ Thread-2:155674 ] - [ DEBUG ]  stmt exit cache
2018-06-12 18:29:39  [ Thread-2:155674 ] - [ DEBUG ]  stmt exit cache
2018-06-12 18:29:39  [ Thread-2:155675 ] - [ INFO ]  {dataSource-1} closed
